<?xml version="1.0" encoding="UTF-8"?>
<testsuite xmlns:xsi="http://www.w3.org/2001/XMLSchema-instance" xsi:noNamespaceSchemaLocation="https://maven.apache.org/surefire/maven-surefire-plugin/xsd/surefire-test-report.xsd" name="testcscu4.AppTest" time="3.527" tests="1" errors="1" skipped="0" failures="0">
  <properties>
[...]
</properties>
  <testcase name="Test1" classname="Test1" time="0.212">
    <error message="This Cucumber Expression has a problem at column 7:&#10;&#10;Test \&quot;&#10;      ^&#10;Only the characters &apos;{&apos;, &apos;}&apos;, &apos;(&apos;, &apos;)&apos;, &apos;\&apos;, &apos;/&apos; and whitespace can be escaped.&#10;If you did mean to use an &apos;\&apos; you can use &apos;\\&apos; to escape it" type="io.cucumber.cucumberexpressions.CucumberExpressionException">io.cucumber.cucumberexpressions.CucumberExpressionException: 
This Cucumber Expression has a problem at column 7:

Test \"
      ^
Only the characters '{', '}', '(', ')', '\', '/' and whitespace can be escaped.
If you did mean to use an '\' you can use '\\' to escape it
</error>
  </testcase>
</testsuite>